<?xml version="1.0" encoding="UTF-8"?>
<!-- Generated by org.testng.reporters.JUnitReportReporter -->
<testsuite hostname="LAPTOP-RPC21CH1" failures="0" tests="4" name="org.TestRunner.TestRunner" time="16.368" errors="0" timestamp="2025-03-21T08:25:55 IST" skipped="0">
  <testcase classname="org.TestRunner.TestRunner" name="runScenario" time="3.491"/>
  <system-out/>
  <testcase classname="org.TestRunner.TestRunner" name="runScenario" time="3.631"/>
  <system-out/>
  <testcase classname="org.TestRunner.TestRunner" name="runScenario" time="5.573"/>
  <system-out/>
  <testcase classname="org.TestRunner.TestRunner" name="runScenario" time="3.673"/>
  <system-out/>
</testsuite> <!-- org.TestRunner.TestRunner -->
